2020-10-15 06:49:52,937 1 article, ID: 4350572 took 16.179606437683105
2020-10-15 06:50:01,548 2 article, ID: 4350592 took 8.609195947647095
2020-10-15 06:50:10,822 3 article, ID: 4350640 took 9.273000717163086
2020-10-15 06:51:28,728 4 article, ID: 4350647 took 77.906090259552
2020-10-15 06:51:46,524 5 article, ID: 4350706 took 17.79405379295349
2020-10-15 06:51:49,557 6 article, ID: 4350751 took 3.0328218936920166
2020-10-15 06:52:03,372 7 article, ID: 4350757 took 13.814717292785645
2020-10-15 06:52:28,319 8 article, ID: 4350830 took 24.94688057899475
2020-10-15 06:52:33,263 9 article, ID: 4350840 took 4.942210912704468
2020-10-15 06:52:43,831 10 article, ID: 4350895 took 10.567371606826782
2020-10-15 06:52:59,046 11 article, ID: 4350947 took 15.21461272239685
2020-10-15 18:11:41,370 ID 4351014: Time Overall: 756.5567359924316 
  Entity_Search 4.275970220565796 
 Relation_Computation 47.94339370727539 
 Commit: 704.3373560905457
2020-10-15 18:11:41,372 12 article, ID: 4351014 took 756.6202201843262
2020-10-15 18:11:50,789 ID 4351029: Time Overall: 9.40043830871582 
  Entity_Search 1.0221755504608154 
 Relation_Computation 0.4986400604248047 
 Commit: 7.879607439041138
2020-10-15 18:11:50,790 13 article, ID: 4351029 took 9.417616128921509
2020-10-15 18:12:28,906 ID 4351046: Time Overall: 38.083786487579346 
  Entity_Search 3.261321544647217 
 Relation_Computation 2.1534202098846436 
 Commit: 32.669028997421265
2020-10-15 18:12:28,906 14 article, ID: 4351046 took 38.11634874343872
2020-10-15 18:12:37,551 ID 4351115: Time Overall: 8.628468990325928 
  Entity_Search 0.9758098125457764 
 Relation_Computation 0.4532177448272705 
 Commit: 7.1994242668151855
2020-10-15 18:12:37,551 15 article, ID: 4351115 took 8.64504361152649
2020-10-15 18:12:48,302 ID 4351206: Time Overall: 10.730910778045654 
  Entity_Search 1.6627345085144043 
 Relation_Computation 0.6789364814758301 
 Commit: 8.389224290847778
2020-10-15 18:12:48,303 16 article, ID: 4351206 took 10.751359939575195
2020-10-15 18:14:01,893 ID 4351274: Time Overall: 73.53312969207764 
  Entity_Search 5.668998956680298 
 Relation_Computation 5.417367219924927 
 Commit: 62.446744441986084
2020-10-15 18:14:01,893 17 article, ID: 4351274 took 73.5902054309845
2020-10-15 18:14:14,434 ID 4351299: Time Overall: 12.524463653564453 
  Entity_Search 0.8451635837554932 
 Relation_Computation 0.6531193256378174 
 Commit: 11.026164293289185
2020-10-15 18:14:14,436 18 article, ID: 4351299 took 12.542614459991455
2020-10-15 18:14:28,845 ID 4351316: Time Overall: 14.39093279838562 
  Entity_Search 1.3829920291900635 
 Relation_Computation 0.7443420886993408 
 Commit: 12.263581275939941
2020-10-15 18:14:28,846 19 article, ID: 4351316 took 14.409918785095215
2020-10-15 18:14:50,967 ID 4351336: Time Overall: 22.099547386169434 
  Entity_Search 1.7239248752593994 
 Relation_Computation 1.2697913646697998 
 Commit: 19.10581350326538
2020-10-15 18:14:50,967 20 article, ID: 4351336 took 22.121203899383545
2020-10-15 18:14:59,997 ID 4351474: Time Overall: 9.008848905563354 
  Entity_Search 1.8471870422363281 
 Relation_Computation 0.4975473880767822 
 Commit: 6.664096832275391
2020-10-15 18:14:59,997 21 article, ID: 4351474 took 9.030307531356812
2020-10-15 18:15:17,977 ID 4351483: Time Overall: 17.958159685134888 
  Entity_Search 1.6716217994689941 
 Relation_Computation 1.0879781246185303 
 Commit: 15.198540925979614
2020-10-15 18:15:17,977 22 article, ID: 4351483 took 17.979243278503418
2020-10-15 18:15:31,158 ID 4351489: Time Overall: 13.162105560302734 
  Entity_Search 1.2556021213531494 
 Relation_Computation 0.6127731800079346 
 Commit: 11.293710708618164
2020-10-15 18:15:31,158 23 article, ID: 4351489 took 13.181170463562012
2020-10-15 18:15:38,050 ID 4351556: Time Overall: 6.875323295593262 
  Entity_Search 1.0194332599639893 
 Relation_Computation 0.37799525260925293 
 Commit: 5.47787880897522
2020-10-15 18:15:38,050 24 article, ID: 4351556 took 6.89213490486145
2020-10-15 18:15:47,744 ID 4351694: Time Overall: 9.678648948669434 
  Entity_Search 0.8259716033935547 
 Relation_Computation 0.5254766941070557 
 Commit: 8.327185153961182
2020-10-15 18:15:47,745 25 article, ID: 4351694 took 9.694285869598389
2020-10-15 18:15:56,828 ID 4351701: Time Overall: 9.064841747283936 
  Entity_Search 1.35563063621521 
 Relation_Computation 0.4864199161529541 
 Commit: 7.222772121429443
2020-10-15 18:15:56,828 26 article, ID: 4351701 took 9.083398818969727
2020-10-15 18:15:58,016 ID 4351773: Time Overall: 1.1739819049835205 
  Entity_Search 0.19122743606567383 
 Relation_Computation 0.06850433349609375 
 Commit: 0.9142329692840576
2020-10-15 18:15:58,016 27 article, ID: 4351773 took 1.1880862712860107
2020-10-15 18:16:16,730 ID 4351774: Time Overall: 18.695594549179077 
  Entity_Search 1.046213150024414 
 Relation_Computation 1.0297906398773193 
 Commit: 16.61957335472107
2020-10-15 18:16:16,730 28 article, ID: 4351774 took 18.713340282440186
2020-10-15 18:16:49,875 ID 4351827: Time Overall: 33.125123500823975 
  Entity_Search 1.4884002208709717 
 Relation_Computation 1.8947949409484863 
 Commit: 29.74191188812256
2020-10-15 18:16:49,875 29 article, ID: 4351827 took 33.14496421813965
2020-10-15 18:16:55,078 ID 4351847: Time Overall: 5.187830448150635 
  Entity_Search 0.9018335342407227 
 Relation_Computation 0.26964664459228516 
 Commit: 4.0163328647613525
2020-10-15 18:16:55,078 30 article, ID: 4351847 took 5.203586578369141
2020-10-15 18:17:11,555 ID 4351868: Time Overall: 16.453611135482788 
  Entity_Search 1.7221052646636963 
 Relation_Computation 1.0022625923156738 
 Commit: 13.729226350784302
2020-10-15 18:17:11,555 31 article, ID: 4351868 took 16.476815462112427
2020-10-15 18:17:22,828 ID 4351873: Time Overall: 11.256225824356079 
  Entity_Search 1.0785472393035889 
 Relation_Computation 0.6518433094024658 
 Commit: 9.525818824768066
2020-10-15 18:17:22,828 32 article, ID: 4351873 took 11.272751331329346
2020-10-15 18:17:29,909 ID 4351879: Time Overall: 7.06399130821228 
  Entity_Search 0.9521079063415527 
 Relation_Computation 0.37163853645324707 
 Commit: 5.7402284145355225
2020-10-15 18:17:29,909 33 article, ID: 4351879 took 7.081023216247559
2020-10-15 18:17:34,870 ID 4351897: Time Overall: 4.946112632751465 
  Entity_Search 0.5920867919921875 
 Relation_Computation 0.25978946685791016 
 Commit: 4.094218969345093
2020-10-15 18:17:34,870 34 article, ID: 4351897 took 4.960664510726929
2020-10-15 18:17:48,474 ID 4352003: Time Overall: 13.588131666183472 
  Entity_Search 0.9767472743988037 
 Relation_Computation 0.7591099739074707 
 Commit: 11.852255821228027
2020-10-15 18:17:48,475 35 article, ID: 4352003 took 13.604665279388428
2020-10-15 18:18:00,712 ID 4352012: Time Overall: 12.217427015304565 
  Entity_Search 1.8054795265197754 
 Relation_Computation 0.7073202133178711 
 Commit: 9.70461106300354
2020-10-15 18:18:00,713 36 article, ID: 4352012 took 12.237735986709595
2020-10-15 18:18:19,952 ID 4352017: Time Overall: 19.220094919204712 
  Entity_Search 1.3330576419830322 
 Relation_Computation 1.0801210403442383 
 Commit: 16.80689239501953
2020-10-15 18:18:19,952 37 article, ID: 4352017 took 19.23937964439392
2020-10-15 18:18:32,817 ID 4352117: Time Overall: 12.84752869606018 
  Entity_Search 0.8928389549255371 
 Relation_Computation 0.9850037097930908 
 Commit: 10.969666957855225
2020-10-15 18:18:32,817 38 article, ID: 4352117 took 12.865025281906128
2020-10-15 18:18:38,474 ID 4352174: Time Overall: 5.642291784286499 
  Entity_Search 0.5909109115600586 
 Relation_Computation 0.2813901901245117 
 Commit: 4.769973278045654
2020-10-15 18:18:38,474 39 article, ID: 4352174 took 5.656913757324219
2020-10-15 18:19:05,052 ID 4352217: Time Overall: 26.557011127471924 
  Entity_Search 1.7296128273010254 
 Relation_Computation 1.6402573585510254 
 Commit: 23.187126398086548
2020-10-15 18:19:05,052 40 article, ID: 4352217 took 26.578263759613037
2020-10-15 18:19:18,051 ID 4352282: Time Overall: 12.980039596557617 
  Entity_Search 1.311570644378662 
 Relation_Computation 0.7754316329956055 
 Commit: 10.893022537231445
2020-10-15 18:19:18,051 41 article, ID: 4352282 took 12.998520135879517
2020-10-15 18:19:35,276 ID 4352344: Time Overall: 17.202226877212524 
  Entity_Search 1.9640600681304932 
 Relation_Computation 1.107846736907959 
 Commit: 14.13029932975769
2020-10-15 18:19:35,276 42 article, ID: 4352344 took 17.22515082359314
2020-10-15 18:19:47,583 ID 4352369: Time Overall: 12.291048049926758 
  Entity_Search 0.7642011642456055 
 Relation_Computation 0.36086273193359375 
 Commit: 11.165964841842651
2020-10-15 18:19:47,583 43 article, ID: 4352369 took 12.307081699371338
2020-10-15 18:19:52,466 ID 4352421: Time Overall: 4.86680006980896 
  Entity_Search 0.9699926376342773 
 Relation_Computation 0.22800278663635254 
 Commit: 3.6687865257263184
2020-10-15 18:19:52,466 44 article, ID: 4352421 took 4.882830381393433
2020-10-15 18:20:00,028 ID 4352444: Time Overall: 7.544988393783569 
  Entity_Search 0.7934503555297852 
 Relation_Computation 0.4098179340362549 
 Commit: 6.341702222824097
2020-10-15 18:20:00,028 45 article, ID: 4352444 took 7.561476707458496
2020-10-15 18:20:20,413 ID 4352456: Time Overall: 20.348732709884644 
  Entity_Search 3.7050132751464844 
 Relation_Computation 1.2580845355987549 
 Commit: 15.385618209838867
2020-10-15 18:20:20,414 46 article, ID: 4352456 took 20.385568380355835
2020-10-15 18:20:30,076 ID 4352481: Time Overall: 9.646445989608765 
  Entity_Search 0.9352316856384277 
 Relation_Computation 0.47719454765319824 
 Commit: 8.233995914459229
2020-10-15 18:20:30,076 47 article, ID: 4352481 took 9.662517547607422
2020-10-15 18:20:41,161 ID 4352510: Time Overall: 11.066572427749634 
  Entity_Search 1.0019514560699463 
 Relation_Computation 0.6193721294403076 
 Commit: 9.445234298706055
2020-10-15 18:20:41,161 48 article, ID: 4352510 took 11.08439588546753
2020-10-15 18:20:48,895 ID 4352559: Time Overall: 7.717271566390991 
  Entity_Search 1.3881022930145264 
 Relation_Computation 0.38806891441345215 
 Commit: 5.941084384918213
2020-10-15 18:20:48,895 49 article, ID: 4352559 took 7.7345664501190186
2020-10-15 18:21:12,606 ID 4352591: Time Overall: 23.683066368103027 
  Entity_Search 2.966700315475464 
 Relation_Computation 1.3016610145568848 
 Commit: 19.414689540863037
2020-10-15 18:21:12,606 50 article, ID: 4352591 took 23.711098194122314
2020-10-15 18:21:24,468 ID 4352652: Time Overall: 11.841398477554321 
  Entity_Search 1.3870010375976562 
 Relation_Computation 0.7552614212036133 
 Commit: 9.699119091033936
2020-10-15 18:21:24,468 51 article, ID: 4352652 took 11.861752271652222
2020-10-15 18:21:38,312 ID 4352669: Time Overall: 13.824705123901367 
  Entity_Search 1.3877453804016113 
 Relation_Computation 0.8311762809753418 
 Commit: 11.605766773223877
2020-10-15 18:21:38,312 52 article, ID: 4352669 took 13.843451738357544
2020-10-15 18:21:50,549 ID 4352670: Time Overall: 12.218571424484253 
  Entity_Search 1.2176940441131592 
 Relation_Computation 0.7268595695495605 
 Commit: 10.274001598358154
2020-10-15 18:21:50,549 53 article, ID: 4352670 took 12.236926078796387
2020-10-15 18:22:02,753 ID 4352677: Time Overall: 12.18215274810791 
  Entity_Search 1.8090405464172363 
 Relation_Computation 0.6833431720733643 
 Commit: 9.689752578735352
2020-10-15 18:22:02,753 54 article, ID: 4352677 took 12.204326629638672
2020-10-15 18:22:15,009 ID 4352684: Time Overall: 12.237579345703125 
  Entity_Search 1.1924052238464355 
 Relation_Computation 0.6627199649810791 
 Commit: 10.38243842124939
2020-10-15 18:22:15,009 55 article, ID: 4352684 took 12.255986452102661
2020-10-15 18:22:32,712 ID 4352864: Time Overall: 17.685824632644653 
  Entity_Search 1.1538286209106445 
 Relation_Computation 0.9606122970581055 
 Commit: 15.571367502212524
2020-10-15 18:22:32,712 56 article, ID: 4352864 took 17.70305633544922
### New Matching
